<?xml version="1.0" encoding="UTF-8" ?>
<testsuite errors="1" failures="0" hostname="mihai-T540p" name="joanakeyrefactoring.javaforkeycreator.JavaForKeyCreatorTest" skipped="0" tests="1" time="0.085" timestamp="2017-07-13T08:21:24">
  <properties>
    <property name="default.javac.source" value="1.8" />
    <property name="file.encoding.pkg" value="sun.io" />
    <property name="javac.source" value="1.8" />
    <property name="testng.debug.mode" value="" />
    <property name="java.home" value="/usr/lib/jvm/java-8-oracle/jre" />
    <property name="libs.eclipselinkmodelgen.classpath" value="/usr/share/netbeans/8.1/java/modules/ext/eclipselink/org.eclipse.persistence.jpa.modelgen_2.5.2.v20140319-9ad6abd.jar" />
    <property name="test.src.dir" value="test" />
    <property name="libs.JAXB-ENDORSED.javadoc" value="" />
    <property name="javadoc.version" value="false" />
    <property name="libs.CopyLibs.classpath" value="/usr/share/netbeans/8.1/java/ant/extra/org-netbeans-modules-java-j2seproject-copylibstask.jar" />
    <property name="libs.javac-api.src" value="" />
    <property name="ant.file.joana-key-refactoring" value="/home/mihai/workspace/joana-key-refactoring/build.xml" />
    <property name="java.endorsed.dirs" value="/usr/lib/jvm/java-8-oracle/jre/lib/endorsed" />
    <property name="libs.MySQLDriver.classpath" value="/usr/share/netbeans/8.1/ide/modules/ext/mysql-connector-java-5.1.23-bin.jar" />
    <property name="libs.PostgreSQLDriver.src" value="" />
    <property name="src.dir" value="src" />
    <property name="debug-args-line" value="-Xdebug" />
    <property name="build.sysclasspath" value="ignore" />
    <property name="have.sources" value="true" />
    <property name="includes" value="**" />
    <property name="javac.fork" value="true" />
    <property name="source.encoding" value="UTF-8" />
    <property name="sun.os.patch.level" value="unknown" />
    <property name="java.vendor.url" value="http://java.oracle.com/" />
    <property name="ant.file.joana-key-refactoring-impl" value="/home/mihai/workspace/joana-key-refactoring/nbproject/build-impl.xml" />
    <property name="java.version" value="1.8.0_91" />
    <property name="libs.testng.src" value="" />
    <property name="ant.file.type.joana-key-refactoring-impl" value="file" />
    <property name="javac.debug" value="true" />
    <property name="file.reference.javacg-0.1-SNAPSHOT-static.jar" value="dep/javacg-0.1-SNAPSHOT-static.jar" />
    <property name="libs.JAXB-ENDORSED.classpath" value="" />
    <property name="run.classpath" value="dep\antlr-runtime-4.5.3.jar:dep\joana.api.jar:dep\KeY.jar:json.jar:dep/javacg-0.1-SNAPSHOT-static.jar:dep/commons-io-2.5/commons-io-2.5.jar:build/classes" />
    <property name="libs.PostgreSQLDriver.maven-pom" value="" />
    <property name="java.vendor.url.bug" value="http://bugreport.sun.com/bugreport/" />
    <property name="libs.eclipselink.javadoc" value="" />
    <property name="libs.absolutelayout.javadoc" value="" />
    <property name="libs.junit_4.maven-pom" value="" />
    <property name="ant.project.invoked-targets" value="default" />
    <property name="annotation.processing.run.all.processors" value="true" />
    <property name="manifest.file" value="manifest.mf" />
    <property name="user.name" value="mihai" />
    <property name="libs.testng.maven-pom" value="" />
    <property name="libs.eclipselinkmodelgen.src" value="" />
    <property name="empty.dir" value="/home/mihai/workspace/joana-key-refactoring/build/empty" />
    <property name="sun.io.unicode.encoding" value="UnicodeLittle" />
    <property name="sun.jnu.encoding" value="UTF-8" />
    <property name="java.runtime.name" value="Java(TM) SE Runtime Environment" />
    <property name="application.vendor" value="holger" />
    <property name="libs.hamcrest.maven-pom" value="" />
    <property name="main.class.available" value="true" />
    <property name="java.specification.name" value="Java Platform API Specification" />
    <property name="file.reference.json.jar" value="json.jar" />
    <property name="javadoc.author" value="false" />
    <property name="ap.proc.none.internal" value="" />
    <property name="user.timezone" value="" />
    <property name="manifest.available" value="true" />
    <property name="libs.swing-layout.maven-pom" value="" />
    <property name="path.separator" value=":" />
    <property name="testng.mode" value="testng" />
    <property name="version-output" value="java version &quot;1.8" />
    <property name="libs.absolutelayout.classpath" value="/usr/share/netbeans/8.1/java/modules/ext/AbsoluteLayout.jar" />
    <property name="file.reference.joana.api.jar-1" value="dep\joana.api.jar" />
    <property name="file.encoding" value="UTF-8" />
    <property name="libs.eclipselink.src" value="" />
    <property name="dist.javadoc.dir" value="dist/javadoc" />
    <property name="ant.project.default-target" value="default" />
    <property name="javac.profile.cmd.line.arg" value="" />
    <property name="libs.JAXB-ENDORSED.src" value="" />
    <property name="sun.java.command" value="org.apache.tools.ant.taskdefs.optional.junit.JUnitTestRunner joanakeyrefactoring.javaforkeycreator.JavaForKeyCreatorTest skipNonTests=false filtertrace=true haltOnError=false haltOnFailure=false showoutput=true outputtoformatters=true logfailedtests=true threadid=0 logtestlistenerevents=false formatter=org.apache.tools.ant.taskdefs.optional.junit.BriefJUnitResultFormatter formatter=org.apache.tools.ant.taskdefs.optional.junit.XMLJUnitResultFormatter,/home/mihai/workspace/joana-key-refactoring/build/test/results/TEST-joanakeyrefactoring.javaforkeycreator.JavaForKeyCreatorTest.xml crashfile=/home/mihai/workspace/joana-key-refactoring/build/junitvmwatcher3739659410145215204.properties propsfile=/home/mihai/workspace/joana-key-refactoring/build/junit1867575095044247206.properties" />
    <property name="built-jar.properties" value="/home/mihai/workspace/joana-key-refactoring/build/built-jar.properties" />
    <property name="ant.file" value="/home/mihai/workspace/joana-key-refactoring/build.xml" />
    <property name="libs.junit_4.src" value="" />
    <property name="libs.hamcrest.src" value="" />
    <property name="junit.available" value="true" />
    <property name="do.jar" value="true" />
    <property name="java.io.tmpdir" value="/tmp" />
    <property name="build.test.results.dir" value="build/test/results" />
    <property name="user.language" value="en" />
    <property name="libs.jpa20-persistence.classpath" value="/usr/share/netbeans/8.1/java/modules/ext/eclipselink/javax.persistence_2.1.0.v201304241213.jar" />
    <property name="line.separator" value="&#xa;" />
    <property name="libs.absolutelayout.src" value="" />
    <property name="javac.compilerargs" value="" />
    <property name="ant.file.type" value="file" />
    <property name="jar.compress" value="false" />
    <property name="debug-transport-by-os" value="dt_socket" />
    <property name="libs.JWSAntTasks.src" value="" />
    <property name="java.vm.info" value="mixed mode" />
    <property name="libs.javac-api.maven-pom" value="" />
    <property name="javadoc.private" value="false" />
    <property name="annotation.processing.processors.list" value="" />
    <property name="sun.desktop" value="gnome" />
    <property name="java.vm.specification.name" value="Java Virtual Machine Specification" />
    <property name="build.test.classes.dir" value="build/test/classes" />
    <property name="libs.MySQLDriver.javadoc" value="" />
    <property name="test.binaryexcludes" value="" />
    <property name="libs.beans-binding.javadoc" value="" />
    <property name="platform.active" value="default_platform" />
    <property name="ap.cmd.line.internal" value="" />
    <property name="jdkBug6558476" value="false" />
    <property name="java.failonerror" value="true" />
    <property name="libs.junit_4.javadoc" value="" />
    <property name="endorsed.classpath" value="" />
    <property name="libs.beans-binding.maven-pom" value="" />
    <property name="do.mkdist" value="true" />
    <property name="javadoc.encoding" value="UTF-8" />
    <property name="java.awt.printerjob" value="sun.print.PSPrinterJob" />
    <property name="ap.processors.internal" value="" />
    <property name="do.archive" value="true" />
    <property name="dist.jar" value="dist/joana-key-refactoring.jar" />
    <property name="meta.inf.dir" value="src/META-INF" />
    <property name="ant.version" value="Apache Ant(TM) version 1.9.6 compiled on July 8 2015" />
    <property name="javadoc.nonavbar" value="false" />
    <property name="libs.jpa20-persistence.src" value="" />
    <property name="user.properties.file" value="/home/mihai/.netbeans/8.1/build.properties" />
    <property name="libs.JWSAntTasks.classpath" value="/usr/share/netbeans/8.1/java/ant/extra/org-netbeans-modules-javawebstart-anttasks.jar" />
    <property name="javac.external.vm" value="true" />
    <property name="annotation.processing.source.output" value="build/generated-sources/ap-source-output" />
    <property name="libs.CopyLibs.maven-pom" value="" />
    <property name="build.generated.dir" value="build/generated" />
    <property name="libs.eclipselink.maven-pom" value="" />
    <property name="os.name" value="Linux" />
    <property name="java.specification.vendor" value="Oracle Corporation" />
    <property name="run.test.classpath" value="dep\antlr-runtime-4.5.3.jar:dep\joana.api.jar:dep\KeY.jar:json.jar:dep/javacg-0.1-SNAPSHOT-static.jar:dep/commons-io-2.5/commons-io-2.5.jar:build/classes:build/test/classes" />
    <property name="do.archive+main.class.available" value="true" />
    <property name="java.vm.name" value="Java HotSpot(TM) 64-Bit Server VM" />
    <property name="libs.CopyLibs.src" value="" />
    <property name="libs.beans-binding.src" value="" />
    <property name="ap.supported.internal" value="true" />
    <property name="java.library.path" value="/usr/java/packages/lib/amd64:/usr/lib64:/lib64:/lib:/usr/lib" />
    <property name="libs.PostgreSQLDriver.javadoc" value="" />
    <property name="libs.eclipselinkmodelgen.maven-pom" value="" />
    <property name="ant.java.version" value="1.8" />
    <property name="libs.hamcrest.javadoc" value="" />
    <property name="basedir" value="/home/mihai/workspace/joana-key-refactoring" />
    <property name="javadoc.noindex" value="false" />
    <property name="java.class.version" value="52.0" />
    <property name="javac.test.classpath" value="dep\antlr-runtime-4.5.3.jar:dep\joana.api.jar:dep\KeY.jar:json.jar:dep/javacg-0.1-SNAPSHOT-static.jar:dep/commons-io-2.5/commons-io-2.5.jar:build/classes" />
    <property name="file.reference.KeY.jar" value="dep\KeY.jar" />
    <property name="ant.file.type.joana-key-refactoring" value="file" />
    <property name="javac.processorpath" value="dep\antlr-runtime-4.5.3.jar:dep\joana.api.jar:dep\KeY.jar:json.jar:dep/javacg-0.1-SNAPSHOT-static.jar:dep/commons-io-2.5/commons-io-2.5.jar" />
    <property name="ant.home" value="/usr/share/ant" />
    <property name="javadoc.splitindex" value="true" />
    <property name="libs.javac-api.javadoc" value="" />
    <property name="javac.test.processorpath" value="dep\antlr-runtime-4.5.3.jar:dep\joana.api.jar:dep\KeY.jar:json.jar:dep/javacg-0.1-SNAPSHOT-static.jar:dep/commons-io-2.5/commons-io-2.5.jar:build/classes" />
    <property name="javadoc.preview" value="true" />
    <property name="libs.MySQLDriver.maven-pom" value="" />
    <property name="copylibs.rebase" value="true" />
    <property name="libs.CopyLibs.javadoc" value="" />
    <property name="libs.PostgreSQLDriver.classpath" value="/usr/share/netbeans/8.1/ide/modules/ext/postgresql-9.2-1002.jdbc4.jar" />
    <property name="junit.forkmode" value="perTest" />
    <property name="test.binarytestincludes" value="" />
    <property name="libs.junit_4.classpath" value="/usr/share/netbeans/8.1/platform/modules/ext/junit-4.12.jar" />
    <property name="build.dir" value="build" />
    <property name="sun.boot.library.path" value="/usr/lib/jvm/java-8-oracle/jre/lib/amd64" />
    <property name="dist.archive.excludes" value="" />
    <property name="application.title" value="joana-key-refactoring" />
    <property name="sun.management.compiler" value="HotSpot 64-Bit Tiered Compilers" />
    <property name="libs.testng.classpath" value="/usr/share/netbeans/8.1/platform/modules/ext/testng-6.8.1-dist.jar" />
    <property name="java.awt.graphicsenv" value="sun.awt.X11GraphicsEnvironment" />
    <property name="libs.jpa20-persistence.javadoc" value="" />
    <property name="javadoc.encoding.used" value="UTF-8" />
    <property name="libs.testng.javadoc" value="" />
    <property name="javadoc.windowtitle" value="" />
    <property name="libs.hamcrest.classpath" value="/usr/share/netbeans/8.1/platform/modules/ext/hamcrest-core-1.3.jar" />
    <property name="annotation.processing.enabled" value="true" />
    <property name="run.jvmargs.ide" value="" />
    <property name="libs.JAXB-ENDORSED.maven-pom" value="" />
    <property name="file.reference.commons-io-2.5.jar" value="dep/commons-io-2.5/commons-io-2.5.jar" />
    <property name="nb.junit.single" value="false" />
    <property name="build.generated.sources.dir" value="build/generated-sources" />
    <property name="run.jvmargs" value="" />
    <property name="ant.project.name" value="joana-key-refactoring" />
    <property name="libs.swing-layout.classpath" value="/usr/share/netbeans/8.1/platform/modules/ext/swing-layout-1.0.4.jar" />
    <property name="java.vm.specification.version" value="1.8" />
    <property name="work.dir" value="/home/mihai/workspace/joana-key-refactoring" />
    <property name="awt.toolkit" value="sun.awt.X11.XToolkit" />
    <property name="javadoc.use" value="true" />
    <property name="sun.cpu.isalist" value="" />
    <property name="java.ext.dirs" value="/usr/lib/jvm/java-8-oracle/jre/lib/ext:/usr/java/packages/lib/ext" />
    <property name="os.version" value="4.4.0-81-generic" />
    <property name="excludes" value="" />
    <property name="user.home" value="/home/mihai" />
    <property name="java.vm.vendor" value="Oracle Corporation" />
    <property name="libs.absolutelayout.maven-pom" value="" />
    <property name="user.dir" value="/home/mihai/workspace/joana-key-refactoring" />
    <property name="debug-transport" value="dt_socket" />
    <property name="application.args" value="" />
    <property name="sun.cpu.endian" value="little" />
    <property name="compile.on.save" value="false" />
    <property name="libs.eclipselinkmodelgen.javadoc" value="" />
    <property name="endorsed.classpath.cmd.line.arg" value="" />
    <property name="jar.index" value="false" />
    <property name="test.binaryincludes" value="&lt;nothing&gt;" />
    <property name="java.vm.version" value="25.91-b14" />
    <property name="libs.MySQLDriver.src" value="" />
    <property name="annotation.processing.processor.options" value="" />
    <property name="java.class.path" value="/home/mihai/workspace/joana-key-refactoring/dep/antlr-runtime-4.5.3.jar:/home/mihai/workspace/joana-key-refactoring/dep/joana.api.jar:/home/mihai/workspace/joana-key-refactoring/dep/KeY.jar:/home/mihai/workspace/joana-key-refactoring/json.jar:/home/mihai/workspace/joana-key-refactoring/dep/javacg-0.1-SNAPSHOT-static.jar:/home/mihai/workspace/joana-key-refactoring/dep/commons-io-2.5/commons-io-2.5.jar:/home/mihai/workspace/joana-key-refactoring/build/classes:/home/mihai/workspace/joana-key-refactoring/build/test/classes:/usr/share/ant/lib/junit.jar:/usr/share/java/ant-launcher-1.9.6.jar:/usr/share/ant/lib/ant.jar:/usr/share/ant/lib/ant-junit.jar:/usr/share/ant/lib/ant-junit4.jar" />
    <property name="tests.failed" value="true" />
    <property name="ant.library.dir" value="/usr/share/ant/lib" />
    <property name="os.arch" value="amd64" />
    <property name="javac.deprecation" value="false" />
    <property name="manifest.encoding" value="UTF-8" />
    <property name="libs.jpa20-persistence.maven-pom" value="" />
    <property name="build.classes.excludes" value="**/*.java,**/*.form" />
    <property name="dist.dir" value="dist" />
    <property name="debug.classpath" value="dep\antlr-runtime-4.5.3.jar:dep\joana.api.jar:dep\KeY.jar:json.jar:dep/javacg-0.1-SNAPSHOT-static.jar:dep/commons-io-2.5/commons-io-2.5.jar:build/classes" />
    <property name="sun.java.launcher" value="SUN_STANDARD" />
    <property name="jar.index.metainf" value="false" />
    <property name="platform.java" value="/usr/lib/jvm/java-8-oracle/jre/bin/java" />
    <property name="annotation.processing.enabled.in.editor" value="false" />
    <property name="ant.core.lib" value="/usr/share/ant/lib/ant.jar" />
    <property name="java.vm.specification.vendor" value="Oracle Corporation" />
    <property name="do.depend" value="false" />
    <property name="file.separator" value="/" />
    <property name="file.reference.antlr-runtime-4.5.3.jar" value="dep\antlr-runtime-4.5.3.jar" />
    <property name="java.runtime.version" value="1.8.0_91-b14" />
    <property name="sun.boot.class.path" value="/usr/lib/jvm/java-8-oracle/jre/lib/resources.jar:/usr/lib/jvm/java-8-oracle/jre/lib/rt.jar:/usr/lib/jvm/java-8-oracle/jre/lib/sunrsasign.jar:/usr/lib/jvm/java-8-oracle/jre/lib/jsse.jar:/usr/lib/jvm/java-8-oracle/jre/lib/jce.jar:/usr/lib/jvm/java-8-oracle/jre/lib/charsets.jar:/usr/lib/jvm/java-8-oracle/jre/lib/jfr.jar:/usr/lib/jvm/java-8-oracle/jre/classes" />
    <property name="debug.test.classpath" value="dep\antlr-runtime-4.5.3.jar:dep\joana.api.jar:dep\KeY.jar:json.jar:dep/javacg-0.1-SNAPSHOT-static.jar:dep/commons-io-2.5/commons-io-2.5.jar:build/classes:build/test/classes" />
    <property name="nb.junit.batch" value="true" />
    <property name="libs.beans-binding.classpath" value="/usr/share/netbeans/8.1/java/modules/ext/beansbinding-1.2.1.jar" />
    <property name="main.class" value="joanakeyrefactoring.CombinedApproach" />
    <property name="have.tests" value="true" />
    <property name="libs.JWSAntTasks.maven-pom" value="" />
    <property name="libs.javac-api.classpath" value="/usr/share/netbeans/8.1/java/modules/ext/nb-javac-api.jar" />
    <property name="user.country" value="US" />
    <property name="javadoc.notree" value="false" />
    <property name="default.javac.target" value="1.8" />
    <property name="javadoc.additionalparam" value="" />
    <property name="javac.classpath" value="dep\antlr-runtime-4.5.3.jar:dep\joana.api.jar:dep\KeY.jar:json.jar:dep/javacg-0.1-SNAPSHOT-static.jar:dep/commons-io-2.5/commons-io-2.5.jar" />
    <property name="build.classes.dir" value="build/classes" />
    <property name="do.archive+manifest.available" value="true" />
    <property name="libs.swing-layout.src" value="" />
    <property name="libs.swing-layout.javadoc" value="" />
    <property name="java.vendor" value="Oracle Corporation" />
    <property name="javac.target" value="1.8" />
    <property name="libs.eclipselink.classpath" value="/usr/share/netbeans/8.1/java/modules/ext/eclipselink/eclipselink.jar:/usr/share/netbeans/8.1/java/modules/ext/eclipselink/javax.persistence_2.1.0.v201304241213.jar:/usr/share/netbeans/8.1/java/modules/ext/eclipselink/org.eclipse.persistence.jpa.jpql_2.5.2.v20140319-9ad6abd.jar" />
    <property name="runtime.encoding" value="UTF-8" />
    <property name="java.specification.version" value="1.8" />
    <property name="libs.JWSAntTasks.javadoc" value="" />
    <property name="sun.arch.data.model" value="64" />
    <property name="mkdist.disabled" value="false" />
  </properties>
  <testcase classname="joanakeyrefactoring.javaforkeycreator.JavaForKeyCreatorTest" name="testGenerateForSummaryEdge" time="0.047">
    <error message="java.io.FileNotFoundException: /home/holger/Code/hiwi/joana-key-refactoring/testdata/multipleClassesFalsePos/MultipleClassesFalsePos/dist/MultipleClassesFalsePos.jar (No such file or directory)" type="com.ibm.wala.util.debug.UnimplementedError">com.ibm.wala.util.debug.UnimplementedError: java.io.FileNotFoundException: /home/holger/Code/hiwi/joana-key-refactoring/testdata/multipleClassesFalsePos/MultipleClassesFalsePos/dist/MultipleClassesFalsePos.jar (No such file or directory)
	at com.ibm.wala.util.debug.Assertions.UNREACHABLE(Assertions.java:55)
	at com.ibm.wala.util.config.AnalysisScopeReader.addClassPathToScope(AnalysisScopeReader.java:249)
	at edu.kit.joana.api.sdg.SDGBuildPreparation.setUpAnalysisScope(SDGBuildPreparation.java:207)
	at edu.kit.joana.api.sdg.SDGBuildPreparation.prepareBuild(SDGBuildPreparation.java:228)
	at edu.kit.joana.api.sdg.SDGBuildPreparation.computeAndKeepBuildArtifacts(SDGBuildPreparation.java:355)
	at edu.kit.joana.api.sdg.SDGProgram.createSDGProgram(SDGProgram.java:235)
	at edu.kit.joana.api.sdg.SDGProgram.createSDGProgram(SDGProgram.java:224)
	at joanakeyrefactoring.CombinedApproach.runJoanaCreateSDGAndIFCAnalyis(CombinedApproach.java:200)
	at joanakeyrefactoring.CombinedApproach.parseInputFile(CombinedApproach.java:111)
	at joanakeyrefactoring.javaforkeycreator.JavaForKeyCreatorTest.testGenerateForSummaryEdge(JavaForKeyCreatorTest.java:59)
</error>
  </testcase>
  <system-out><![CDATA[Setting up analysis scope... (from jar stream stubs/jSDG-stubs-jre1.4.jar) ]]></system-out>
  <system-err><![CDATA[]]></system-err>
</testsuite>
